D:\PAUL_TANG\DOCUMENTS\VISUAL STUDIO 2010\PROJECTS\SERIALPORT\DEBUG\SERIALPORT.EXE
D:\PAUL_TANG\DOCUMENTS\VISUAL STUDIO 2010\PROJECTS\SERIALPORT\DEBUG\SERIALPORT.ILK
D:\PAUL_TANG\DOCUMENTS\VISUAL STUDIO 2010\PROJECTS\SERIALPORT\DEBUG\SERIALPORT.PDB
D:\PAUL_TANG\DOCUMENTS\VISUAL STUDIO 2010\PROJECTS\SERIALPORT\SERIALPORT\DEBUG\.NETFRAMEWORK,VERSION=V4.0.ASSEMBLYATTRIBUTES.OBJ
D:\PAUL_TANG\DOCUMENTS\VISUAL STUDIO 2010\PROJECTS\SERIALPORT\SERIALPORT\DEBUG\APP.RES
D:\PAUL_TANG\DOCUMENTS\VISUAL STUDIO 2010\PROJECTS\SERIALPORT\SERIALPORT\DEBUG\ASSEMBLYINFO.OBJ
d:\paul_tang\documents\visual studio 2010\Projects\serialPort\serialPort\Debug\cl.command.1.tlog
d:\paul_tang\documents\visual studio 2010\Projects\serialPort\serialPort\Debug\CL.read.1.tlog
d:\paul_tang\documents\visual studio 2010\Projects\serialPort\serialPort\Debug\CL.write.1.tlog
d:\paul_tang\documents\visual studio 2010\Projects\serialPort\serialPort\Debug\link.13028.read.1.tlog
d:\paul_tang\documents\visual studio 2010\Projects\serialPort\serialPort\Debug\link.13028.write.1.tlog
d:\paul_tang\documents\visual studio 2010\Projects\serialPort\serialPort\Debug\link.13028-cvtres.read.1.tlog
d:\paul_tang\documents\visual studio 2010\Projects\serialPort\serialPort\Debug\link.13028-cvtres.write.1.tlog
d:\paul_tang\documents\visual studio 2010\Projects\serialPort\serialPort\Debug\link.13572.read.1.tlog
d:\paul_tang\documents\visual studio 2010\Projects\serialPort\serialPort\Debug\link.13572.write.1.tlog
d:\paul_tang\documents\visual studio 2010\Projects\serialPort\serialPort\Debug\link.13572-cvtres.read.1.tlog
d:\paul_tang\documents\visual studio 2010\Projects\serialPort\serialPort\Debug\link.13572-cvtres.write.1.tlog
d:\paul_tang\documents\visual studio 2010\Projects\serialPort\serialPort\Debug\link.14128.read.1.tlog
d:\paul_tang\documents\visual studio 2010\Projects\serialPort\serialPort\Debug\link.14128.write.1.tlog
d:\paul_tang\documents\visual studio 2010\Projects\serialPort\serialPort\Debug\link.14128-cvtres.read.1.tlog
d:\paul_tang\documents\visual studio 2010\Projects\serialPort\serialPort\Debug\link.14128-cvtres.write.1.tlog
d:\paul_tang\documents\visual studio 2010\Projects\serialPort\serialPort\Debug\link.17028.read.1.tlog
d:\paul_tang\documents\visual studio 2010\Projects\serialPort\serialPort\Debug\link.17028.write.1.tlog
d:\paul_tang\documents\visual studio 2010\Projects\serialPort\serialPort\Debug\link.17028-cvtres.read.1.tlog
d:\paul_tang\documents\visual studio 2010\Projects\serialPort\serialPort\Debug\link.17028-cvtres.write.1.tlog
d:\paul_tang\documents\visual studio 2010\Projects\serialPort\serialPort\Debug\link.21456.read.1.tlog
d:\paul_tang\documents\visual studio 2010\Projects\serialPort\serialPort\Debug\link.21456.write.1.tlog
d:\paul_tang\documents\visual studio 2010\Projects\serialPort\serialPort\Debug\link.21456-cvtres.read.1.tlog
d:\paul_tang\documents\visual studio 2010\Projects\serialPort\serialPort\Debug\link.21456-cvtres.write.1.tlog
d:\paul_tang\documents\visual studio 2010\Projects\serialPort\serialPort\Debug\link.9480.read.1.tlog
d:\paul_tang\documents\visual studio 2010\Projects\serialPort\serialPort\Debug\link.9480.write.1.tlog
d:\paul_tang\documents\visual studio 2010\Projects\serialPort\serialPort\Debug\link.9480-cvtres.read.1.tlog
d:\paul_tang\documents\visual studio 2010\Projects\serialPort\serialPort\Debug\link.9480-cvtres.write.1.tlog
d:\paul_tang\documents\visual studio 2010\Projects\serialPort\serialPort\Debug\link.command.1.tlog
d:\paul_tang\documents\visual studio 2010\Projects\serialPort\serialPort\Debug\link.read.1.tlog
d:\paul_tang\documents\visual studio 2010\Projects\serialPort\serialPort\Debug\link.write.1.tlog
d:\paul_tang\documents\visual studio 2010\Projects\serialPort\serialPort\Debug\mt.command.1.tlog
d:\paul_tang\documents\visual studio 2010\Projects\serialPort\serialPort\Debug\mt.read.1.tlog
d:\paul_tang\documents\visual studio 2010\Projects\serialPort\serialPort\Debug\mt.write.1.tlog
d:\paul_tang\documents\visual studio 2010\Projects\serialPort\serialPort\Debug\rc.command.1.tlog
d:\paul_tang\documents\visual studio 2010\Projects\serialPort\serialPort\Debug\rc.read.1.tlog
d:\paul_tang\documents\visual studio 2010\Projects\serialPort\serialPort\Debug\rc.write.1.tlog
D:\PAUL_TANG\DOCUMENTS\VISUAL STUDIO 2010\PROJECTS\SERIALPORT\SERIALPORT\DEBUG\SERIALPORT.EXE.INTERMEDIATE.MANIFEST
d:\paul_tang\documents\visual studio 2010\Projects\serialPort\serialPort\Debug\serialPort.Form1.resources
d:\paul_tang\documents\visual studio 2010\Projects\serialPort\serialPort\Debug\serialPort.obj
D:\PAUL_TANG\DOCUMENTS\VISUAL STUDIO 2010\PROJECTS\SERIALPORT\SERIALPORT\DEBUG\SERIALPORT.PCH
d:\paul_tang\documents\visual studio 2010\Projects\serialPort\serialPort\Debug\serialPort.vcxproj.GenerateResource.Cache
d:\paul_tang\documents\visual studio 2010\Projects\serialPort\serialPort\Debug\serialPort.vcxprojResolveAssemblyReference.cache
d:\paul_tang\documents\visual studio 2010\Projects\serialPort\serialPort\Debug\serialPort.write.1.tlog
D:\PAUL_TANG\DOCUMENTS\VISUAL STUDIO 2010\PROJECTS\SERIALPORT\SERIALPORT\DEBUG\STDAFX.OBJ
D:\PAUL_TANG\DOCUMENTS\VISUAL STUDIO 2010\PROJECTS\SERIALPORT\SERIALPORT\DEBUG\VC100.PDB
