已經開始建置於 2017/10/26 下午 08:13:43。
     1>節點 2 (build 目標) 上的專案 "d:\paul_tang\documents\visual studio 2010\Projects\serialPort\serialPort\serialPort.vcxproj"。
     1>InitializeBuildStatus:
         由於指定了 "AlwaysCreate"，因此正在建立 "Debug\serialPort.unsuccessfulbuild"。
       GenerateTargetFrameworkMonikerAttribute:
       將略過目標 "GenerateTargetFrameworkMonikerAttribute"，因為所有輸出檔對於其輸入檔而言都已更新。
       ClCompile:
         所有輸出都是最新的。
         C:\Program Files (x86)\Microsoft Visual Studio 10.0\VC\bin\CL.exe /c /AI"C:\Program Files (x86)\Reference Assemblies\Microsoft\Framework\.NETFramework\v4.0" /Zi /clr:pure /nologo /W3 /WX- /Od /Oy- /D WIN32 /D _DEBUG /D _UNICODE /D UNICODE /EHa /MDd /GS /fp:precise /Zc:wchar_t /Zc:forScope /Yu"StdAfx.h" /Fp"Debug\serialPort.pch" /Fo"Debug\\" /Fd"Debug\vc100.pdb" /TP /FU"C:\Program Files (x86)\Reference Assemblies\Microsoft\Framework\.NETFramework\v4.0\System.Core.dll" /FU"C:\Program Files (x86)\Reference Assemblies\Microsoft\Framework\.NETFramework\v4.0\System.Data.dll" /FU"C:\Program Files (x86)\Reference Assemblies\Microsoft\Framework\.NETFramework\v4.0\System.dll" /FU"C:\Program Files (x86)\Reference Assemblies\Microsoft\Framework\.NETFramework\v4.0\System.Drawing.dll" /FU"C:\Program Files (x86)\Reference Assemblies\Microsoft\Framework\.NETFramework\v4.0\System.Windows.Forms.DataVisualization.dll" /FU"C:\Program Files (x86)\Reference Assemblies\Microsoft\Framework\.NETFramework\v4.0\System.Windows.Forms.dll" /FU"C:\Program Files (x86)\Reference Assemblies\Microsoft\Framework\.NETFramework\v4.0\System.Xml.dll" /analyze- /errorReport:prompt serialPort.cpp /clr:nostdlib 
         serialPort.cpp
     1>d:\paul_tang\documents\visual studio 2010\projects\serialport\serialport\Form1.h(39): warning C4101: 'ex' : 未參考的區域變數
     1>d:\paul_tang\documents\visual studio 2010\projects\serialport\serialport\Form1.h(342): warning C4101: 'e' : 未參考的區域變數
         所有輸出都是最新的。
       CoreResGen:
         相對於資源的來源檔案，並沒有資源過期。將略過產生資源。
       ResourceCompile:
         所有輸出都是最新的。
       Link:
         C:\Program Files (x86)\Microsoft Visual Studio 10.0\VC\bin\link.exe /ERRORREPORT:PROMPT /OUT:"d:\paul_tang\documents\visual studio 2010\Projects\serialPort\Debug\serialPort.exe" /INCREMENTAL /NOLOGO /ASSEMBLYRESOURCE:Debug\serialPort.Form1.resources /MANIFEST /ManifestFile:"Debug\serialPort.exe.intermediate.manifest" /MANIFESTUAC:"level='asInvoker' uiAccess='false'" /DEBUG /PDB:"d:\paul_tang\documents\visual studio 2010\Projects\serialPort\Debug\serialPort.pdb" /ASSEMBLYDEBUG /SUBSYSTEM:WINDOWS /TLBID:1 /ENTRY:"main" /DYNAMICBASE /FIXED:NO /NXCOMPAT /MACHINE:X86 Debug\app.res
         Debug\AssemblyInfo.obj
         Debug\serialPort.obj
         Debug\stdafx.obj
         "Debug\.NETFramework,Version=v4.0.AssemblyAttributes.obj"
         serialPort.vcxproj -> d:\paul_tang\documents\visual studio 2010\Projects\serialPort\Debug\serialPort.exe
       Manifest:
         C:\Program Files (x86)\Microsoft SDKs\Windows\v7.0A\bin\mt.exe /nologo /verbose /outputresource:"d:\paul_tang\documents\visual studio 2010\Projects\serialPort\Debug\serialPort.exe;#1" /manifest Debug\serialPort.exe.intermediate.manifest
       FinalizeBuildStatus:
         正在刪除檔案 "Debug\serialPort.unsuccessfulbuild"。
         正在變更時間戳記 "Debug\serialPort.lastbuildstate"。
     1>專案 "d:\paul_tang\documents\visual studio 2010\Projects\serialPort\serialPort\serialPort.vcxproj" (build 目標) 建置完成。

建置成功。

經過時間 00:00:01.46
