已經開始建置於 2017/10/26 下午 03:08:30。
     1>節點 2 (build 目標) 上的專案 "d:\paul_tang\documents\visual studio 2010\Projects\serialPort\serialPort\serialPort.vcxproj"。
     1>InitializeBuildStatus:
         正在變更時間戳記 "x64\Release\serialPort.unsuccessfulbuild"。
       GenerateTargetFrameworkMonikerAttribute:
       將略過目標 "GenerateTargetFrameworkMonikerAttribute"，因為所有輸出檔對於其輸入檔而言都已更新。
       ClCompile:
         C:\Program Files (x86)\Microsoft Visual Studio 10.0\VC\bin\x86_amd64\CL.exe /c /AI"C:\Program Files (x86)\Reference Assemblies\Microsoft\Framework\.NETFramework\v4.0" /Zi /clr:pure /nologo /W3 /WX- /O2 /D WIN32 /D NDEBUG /D _UNICODE /D UNICODE /EHa /MD /GS /fp:precise /Zc:wchar_t /Zc:forScope /Yc"StdAfx.h" /Fp"x64\Release\serialPort.pch" /Fo"x64\Release\\" /Fd"x64\Release\vc100.pdb" /TP /FU"C:\Program Files (x86)\Reference Assemblies\Microsoft\Framework\.NETFramework\v4.0\System.Core.dll" /FU"C:\Program Files (x86)\Reference Assemblies\Microsoft\Framework\.NETFramework\v4.0\System.Data.dll" /FU"C:\Program Files (x86)\Reference Assemblies\Microsoft\Framework\.NETFramework\v4.0\System.dll" /FU"C:\Program Files (x86)\Reference Assemblies\Microsoft\Framework\.NETFramework\v4.0\System.Drawing.dll" /FU"C:\Program Files (x86)\Reference Assemblies\Microsoft\Framework\.NETFramework\v4.0\System.Windows.Forms.DataVisualization.dll" /FU"C:\Program Files (x86)\Reference Assemblies\Microsoft\Framework\.NETFramework\v4.0\System.Windows.Forms.dll" /FU"C:\Program Files (x86)\Reference Assemblies\Microsoft\Framework\.NETFramework\v4.0\System.Xml.dll" /errorReport:prompt stdafx.cpp /clr:nostdlib 
         stdafx.cpp
         C:\Program Files (x86)\Microsoft Visual Studio 10.0\VC\bin\x86_amd64\CL.exe /c /AI"C:\Program Files (x86)\Reference Assemblies\Microsoft\Framework\.NETFramework\v4.0" /Zi /clr:pure /nologo /W3 /WX- /O2 /D WIN32 /D NDEBUG /D _UNICODE /D UNICODE /EHa /MD /GS /fp:precise /Zc:wchar_t /Zc:forScope /Yu"StdAfx.h" /Fp"x64\Release\serialPort.pch" /Fo"x64\Release\\" /Fd"x64\Release\vc100.pdb" /TP /FU"C:\Program Files (x86)\Reference Assemblies\Microsoft\Framework\.NETFramework\v4.0\System.Core.dll" /FU"C:\Program Files (x86)\Reference Assemblies\Microsoft\Framework\.NETFramework\v4.0\System.Data.dll" /FU"C:\Program Files (x86)\Reference Assemblies\Microsoft\Framework\.NETFramework\v4.0\System.dll" /FU"C:\Program Files (x86)\Reference Assemblies\Microsoft\Framework\.NETFramework\v4.0\System.Drawing.dll" /FU"C:\Program Files (x86)\Reference Assemblies\Microsoft\Framework\.NETFramework\v4.0\System.Windows.Forms.DataVisualization.dll" /FU"C:\Program Files (x86)\Reference Assemblies\Microsoft\Framework\.NETFramework\v4.0\System.Windows.Forms.dll" /FU"C:\Program Files (x86)\Reference Assemblies\Microsoft\Framework\.NETFramework\v4.0\System.Xml.dll" /errorReport:prompt AssemblyInfo.cpp serialPort.cpp /clr:nostdlib 
         AssemblyInfo.cpp
         serialPort.cpp
     1>d:\paul_tang\documents\visual studio 2010\projects\serialport\serialport\Form1.h(30): warning C4101: 'ex' : 未參考的區域變數
     1>d:\paul_tang\documents\visual studio 2010\projects\serialport\serialport\Form1.h(286): warning C4101: 'e' : 未參考的區域變數
         Generating Code...
         C:\Program Files (x86)\Microsoft Visual Studio 10.0\VC\bin\x86_amd64\CL.exe /c /Zi /clr:pure /nologo /W3 /WX- /O2 /D WIN32 /D NDEBUG /D _UNICODE /D UNICODE /EHa /MD /GS /fp:precise /Zc:wchar_t /Zc:forScope /Fo"x64\Release\\" /Fd"x64\Release\vc100.pdb" /TP /errorReport:prompt "C:\Users\paul_tang\AppData\Local\Temp\.NETFramework,Version=v4.0.AssemblyAttributes.cpp"
         .NETFramework,Version=v4.0.AssemblyAttributes.cpp
       CoreResGen:
         "C:\Program Files (x86)\Microsoft SDKs\Windows\v7.0A\bin\NETFX 4.0 Tools\resgen.exe" /useSourcePath /r:"C:\Program Files (x86)\Reference Assemblies\Microsoft\Framework\.NETFramework\v4.0\System.Core.dll" /r:"C:\Program Files (x86)\Reference Assemblies\Microsoft\Framework\.NETFramework\v4.0\System.Data.dll" /r:"C:\Program Files (x86)\Reference Assemblies\Microsoft\Framework\.NETFramework\v4.0\System.dll" /r:"C:\Program Files (x86)\Reference Assemblies\Microsoft\Framework\.NETFramework\v4.0\System.Drawing.dll" /r:"C:\Program Files (x86)\Reference Assemblies\Microsoft\Framework\.NETFramework\v4.0\System.Windows.Forms.DataVisualization.dll" /r:"C:\Program Files (x86)\Reference Assemblies\Microsoft\Framework\.NETFramework\v4.0\System.Windows.Forms.dll" /r:"C:\Program Files (x86)\Reference Assemblies\Microsoft\Framework\.NETFramework\v4.0\System.Xml.dll" /compile Form1.resX,x64\Release\serialPort.Form1.resources
         正在處理資源檔 "Form1.resX" 至 "x64\Release\serialPort.Form1.resources"。
       ResourceCompile:
         C:\Program Files (x86)\Microsoft SDKs\Windows\v7.0A\bin\rc.exe /D _UNICODE /D UNICODE /l"0x0409" /nologo /fo"x64\Release\app.res" app.rc 
       Link:
         C:\Program Files (x86)\Microsoft Visual Studio 10.0\VC\bin\x86_amd64\link.exe /ERRORREPORT:PROMPT /OUT:"d:\paul_tang\documents\visual studio 2010\Projects\serialPort\x64\Release\serialPort.exe" /INCREMENTAL:NO /NOLOGO /ASSEMBLYRESOURCE:x64\Release\serialPort.Form1.resources /MANIFEST /ManifestFile:"x64\Release\serialPort.exe.intermediate.manifest" /MANIFESTUAC:"level='asInvoker' uiAccess='false'" /DEBUG /PDB:"d:\paul_tang\documents\visual studio 2010\Projects\serialPort\x64\Release\serialPort.pdb" /SUBSYSTEM:WINDOWS /TLBID:1 /ENTRY:"main" /DYNAMICBASE /FIXED:NO /NXCOMPAT /MACHINE:X64 x64\Release\app.res
         x64\Release\AssemblyInfo.obj
         x64\Release\serialPort.obj
         x64\Release\stdafx.obj
         "x64\Release\.NETFramework,Version=v4.0.AssemblyAttributes.obj"
     1>LINK : fatal error LNK1104: 無法開啟檔案 'd:\paul_tang\documents\visual studio 2010\Projects\serialPort\x64\Release\serialPort.exe'
     1>專案 "d:\paul_tang\documents\visual studio 2010\Projects\serialPort\serialPort\serialPort.vcxproj" (build 目標) 建置完成 -- 失敗。

建置失敗。

經過時間 00:00:01.80
